outputs/mapping/release/usage.txt
com.google.common.base.Supplier
javax.annotation.ParametersAreNonnullByDefault
com.google.common.collect.MapMakerInternalMap$Strength$2
com.google.common.collect.AbstractMultiset$ElementSet
androidx.core.app.ShareCompat$IntentReader
androidx.annotation.MainThread
com.google.common.annotations.Beta
io.flutter.app.FlutterActivity
androidx.core.app.BundleCompat$BundleCompatBaseImpl
com.google.common.reflect.TypeToken$InterfaceSet
com.google.common.collect.AbstractMapBasedMultimap$WrappedSet
kotlin.sequences.EmptySequence
kotlin.text.StringsKt__StringNumberConversionsJVMKt
io.flutter.embedding.android.FlutterView:
    public void <init>(android.content.Context)
    public void <init>(android.content.Context,io.flutter.embedding.android.FlutterView$RenderMode)
    public void <init>(android.content.Context,io.flutter.embedding.android.FlutterView$TransparencyMode)
    public void <init>(android.content.Context,io.flutter.embedding.android.FlutterImageView)
    public void <init>(android.content.Context,android.util.AttributeSet)
    public void <init>(android.content.Context,io.flutter.embedding.android.FlutterView$RenderMode,io.flutter.embedding.android.FlutterView$TransparencyMode)
    private void <init>(android.content.Context,android.util.AttributeSet,io.flutter.embedding.android.FlutterImageView)
    private android.view.View findViewByAccessibilityIdRootedAtCurrentView(int,android.view.View)
    public android.view.View findViewByAccessibilityIdTraversal(int)
    private static final java.lang.String TAG
androidx.core.text.BidiFormatter$Builder
kotlin.jvm.functions.FunctionN
com.google.common.reflect.package-info
io.flutter.embedding.engine.mutatorsstack.FlutterMutatorView:
    public void <init>(android.content.Context)
com.google.common.collect.ForwardingMultiset
kotlin.collections.MapWithDefaultImpl
kotlin.random.RandomKt
kotlin.jvm.internal.PropertyReference1
io.flutter.embedding.android.FlutterFragmentActivity$CachedEngineIntentBuilder
kotlin.UNumbersKt
androidx.core.telephony.mbms.MbmsHelper
com.google.common.collect.Multisets$3$1
kotlin.sequences.TakeWhileSequence
com.google.common.collect.ForwardingDeque
androidx.fragment.app.FragmentManagerImpl$FragmentLifecycleCallbacksHolder
com.google.common.escape.Escaper
androidx.lifecycle.LiveData$ObserverWrapper:
    void <init>(androidx.lifecycle.LiveData,androidx.lifecycle.Observer)
    abstract boolean shouldBeActive()
    boolean isAttachedTo(androidx.lifecycle.LifecycleOwner)
    void detachObserver()
    int mLastVersion
javax.annotation.Nonnegative
com.google.common.base.Functions$FunctionComposition
com.google.common.hash.LongAddables$PureJavaLongAddable
com.google.common.util.concurrent.ForwardingLock
com.google.common.collect.FilteredEntryMultimap
androidx.annotation.NonNull
kotlin.properties.Delegates$observable$1
androidx.core.R$string
com.google.common.util.concurrent.MoreExecutors$ScheduledListeningDecorator$NeverSuccessfulListenableFutureTask
androidx.arch.core.executor.DefaultTaskExecutor$1
androidx.core.util.Pools$SimplePool
kotlin.collections.ArraysKt___ArraysKt$withIndex$8
androidx.core.text.TextDirectionHeuristicsCompat$TextDirectionHeuristicImpl
androidx.core.text.util.LinkifyCompat
androidx.lifecycle.livedata.core.R
androidx.savedstate.Recreator$SavedStateProvider
com.google.common.collect.ImmutableSortedMapFauxverideShim
kotlin.jvm.internal.MutablePropertyReference0
com.google.common.collect.AbstractMapBasedMultiset
kotlin.coroutines.CombinedContext$writeReplace$1
com.google.common.util.concurrent.SequentialExecutor$WorkerRunningState
androidx.core.view.accessibility.AccessibilityNodeInfoCompat$AccessibilityActionCompat
androidx.core.content.pm.PermissionInfoCompat$Protection
com.google.common.math.IntMath
kotlin.Experimental
kotlin.io.ConsoleKt
com.google.common.eventbus.SubscriberExceptionHandler
kotlin.coroutines.experimental.CoroutineContext$plus$1
androidx.core.util.Pools$Pool
com.google.common.collect.Sets$4
kotlin.io.FilesKt__FileReadWriteKt